SF:lib/Data/Datasources/Local/Entities/bill_entity.g.dart
DA:13,0
DA:15,0
DA:16,0
DA:17,0
DA:19,0
DA:20,0
DA:21,0
DA:22,0
DA:23,0
DA:24,0
DA:25,0
DA:26,0
DA:27,0
DA:28,0
DA:32,1
DA:35,1
DA:36,1
DA:37,2
DA:38,1
DA:39,2
DA:40,1
DA:41,2
DA:42,1
DA:43,2
DA:44,1
DA:45,2
DA:46,1
DA:47,2
DA:48,1
DA:49,2
DA:50,1
DA:51,2
DA:52,1
DA:53,2
DA:56,0
DA:57,0
DA:59,0
DA:62,0
DA:63,0
DA:64,0
LF:40
LH:20
end_of_record
SF:lib/Data/Datasources/Local/Entities/bill_entity.dart
DA:8,2
LF:1
LH:1
end_of_record
SF:lib/Data/Datasources/Local/Entities/bill_item_entity.g.dart
DA:13,0
DA:15,0
DA:16,0
DA:17,0
DA:19,0
DA:20,0
DA:21,0
DA:22,0
DA:23,0
DA:27,1
DA:30,1
DA:31,1
DA:32,2
DA:33,1
DA:34,2
DA:35,1
DA:36,2
DA:37,1
DA:38,2
DA:41,0
DA:42,0
DA:44,0
DA:47,0
DA:48,0
DA:49,0
LF:25
LH:10
end_of_record
SF:lib/Data/Datasources/Local/Entities/bill_item_entity.dart
DA:7,2
LF:1
LH:1
end_of_record
SF:lib/Data/Datasources/Local/local_datasources.dart
DA:9,1
DA:11,3
DA:12,1
DA:14,0
DA:18,1
DA:20,2
DA:24,1
DA:27,1
DA:31,1
DA:33,2
DA:35,0
DA:39,1
DA:41,3
DA:42,1
DA:44,0
DA:48,1
DA:50,2
DA:54,1
DA:57,1
DA:61,1
DA:63,3
DA:66,0
DA:70,1
DA:72,2
DA:74,0
LF:25
LH:20
end_of_record
SF:lib/Data/Datasources/Local/Entities/split_bill_entity.g.dart
DA:13,0
DA:15,0
DA:16,0
DA:17,0
DA:19,0
DA:20,0
DA:21,0
DA:22,0
DA:26,1
DA:29,1
DA:30,1
DA:31,2
DA:32,1
DA:33,2
DA:34,1
DA:35,2
DA:38,0
DA:39,0
DA:41,0
DA:44,0
DA:45,0
DA:46,0
LF:22
LH:8
end_of_record
SF:lib/Data/Datasources/Local/Entities/split_bill_entity.dart
DA:9,2
LF:1
LH:1
end_of_record
SF:lib/Data/Datasources/Local/Entities/summary_entity.g.dart
DA:13,0
DA:15,0
DA:16,0
DA:17,0
DA:19,0
DA:20,0
DA:21,0
DA:22,0
DA:23,0
DA:24,0
DA:25,0
DA:29,1
DA:32,1
DA:33,1
DA:34,2
DA:35,1
DA:36,2
DA:37,1
DA:38,2
DA:39,1
DA:40,2
DA:41,1
DA:42,2
DA:43,1
DA:44,2
DA:47,0
DA:48,0
DA:50,0
DA:53,0
DA:54,0
DA:55,0
LF:31
LH:14
end_of_record
SF:lib/Data/Datasources/Local/Entities/summary_entity.dart
DA:9,1
LF:1
LH:1
end_of_record
SF:lib/Data/Datasources/Local/Entities/summary_item_entity.dart
DA:7,1
LF:1
LH:1
end_of_record
SF:lib/Data/Datasources/Local/Entities/summary_item_entity.g.dart
DA:13,0
DA:15,0
DA:16,0
DA:17,0
DA:19,0
DA:20,0
DA:21,0
DA:22,0
DA:26,1
DA:29,1
DA:30,1
DA:31,2
DA:32,1
DA:33,2
DA:34,1
DA:35,2
DA:38,0
DA:39,0
DA:41,0
DA:44,0
DA:45,0
DA:46,0
LF:22
LH:8
end_of_record
SF:lib/Data/Datasources/Local/Entities/user_entity.dart
DA:7,2
LF:1
LH:1
end_of_record
SF:lib/Data/Datasources/Local/Entities/user_entity.g.dart
DA:13,0
DA:15,0
DA:16,0
DA:17,0
DA:19,0
DA:20,0
DA:21,0
DA:22,0
DA:26,1
DA:29,1
DA:30,1
DA:31,2
DA:32,1
DA:33,2
DA:34,1
DA:35,2
DA:38,0
DA:39,0
DA:41,0
DA:44,0
DA:45,0
DA:46,0
LF:22
LH:8
end_of_record
SF:lib/Data/Datasources/Remote/Responses/deepseek_response.dart
DA:12,1
DA:24,1
DA:25,1
DA:26,1
DA:27,1
DA:28,3
DA:29,1
DA:31,1
DA:32,1
DA:33,1
DA:34,1
DA:35,1
DA:36,1
DA:37,1
DA:38,1
DA:48,1
DA:50,1
DA:51,1
DA:52,1
DA:53,1
DA:54,1
LF:21
LH:21
end_of_record
SF:lib/Data/Datasources/Remote/network/dio.dart
DA:5,0
DA:6,0
DA:7,0
DA:25,0
DA:30,0
DA:33,0
DA:34,0
DA:37,0
DA:38,0
DA:41,0
DA:42,0
LF:11
LH:0
end_of_record
SF:lib/Data/Datasources/Remote/remote_datasources.dart
DA:9,1
DA:11,1
DA:12,1
DA:14,1
DA:15,1
DA:17,1
DA:30,3
DA:32,1
DA:35,5
DA:39,2
DA:40,2
DA:41,2
DA:42,1
DA:44,2
DA:47,3
DA:48,0
DA:51,3
DA:52,0
DA:56,0
DA:57,0
DA:58,0
DA:61,0
DA:62,0
DA:63,0
DA:65,0
LF:25
LH:16
end_of_record
SF:lib/Data/Mapper/mapper.dart
DA:16,0
DA:19,0
DA:20,0
DA:23,0
DA:24,0
DA:28,0
DA:29,0
DA:30,0
DA:32,0
DA:33,0
DA:37,0
DA:39,0
DA:40,0
DA:41,0
DA:42,0
DA:43,0
DA:44,0
DA:47,0
DA:48,0
DA:49,0
DA:50,0
DA:51,0
DA:52,0
DA:53,0
DA:54,0
DA:55,0
DA:56,0
DA:59,0
DA:63,1
DA:64,1
DA:69,1
DA:70,2
DA:71,1
DA:72,1
DA:74,1
DA:75,1
DA:76,2
DA:77,1
DA:78,1
DA:79,1
DA:80,1
DA:83,1
DA:84,0
DA:85,1
DA:86,1
DA:87,1
DA:88,1
DA:89,1
DA:90,1
DA:91,1
DA:92,1
DA:97,0
DA:98,0
DA:99,0
DA:100,0
DA:101,0
DA:102,0
DA:103,0
DA:104,0
DA:105,0
DA:106,0
DA:107,0
DA:108,0
DA:109,0
DA:110,0
DA:113,0
DA:114,0
DA:115,0
DA:116,0
DA:117,0
DA:118,0
DA:119,0
DA:120,0
DA:121,0
DA:126,0
DA:128,0
DA:129,0
DA:130,0
DA:131,0
DA:132,0
DA:133,0
DA:134,0
DA:135,0
DA:136,0
DA:137,0
DA:138,0
DA:139,0
DA:142,0
DA:143,0
DA:144,0
DA:147,0
DA:151,0
DA:153,0
DA:154,0
DA:155,0
DA:156,0
DA:157,0
DA:158,0
DA:159,0
DA:160,0
DA:161,0
DA:162,0
DA:163,0
DA:164,0
DA:167,0
DA:168,0
DA:169,0
DA:172,0
DA:176,1
DA:178,2
DA:180,0
LF:111
LH:24
end_of_record
SF:lib/Domain/Models/bill_item_model.dart
DA:12,3
DA:30,3
DA:36,0
DA:37,0
DA:38,0
DA:39,0
DA:40,0
LF:7
LH:2
end_of_record
SF:lib/Domain/Models/bill_model.dart
DA:12,2
DA:31,2
LF:2
LH:2
end_of_record
SF:lib/Domain/Models/split_bill_model.dart
DA:9,2
LF:1
LH:1
end_of_record
SF:lib/Domain/Models/summary_model.dart
DA:11,4
DA:26,3
LF:2
LH:2
end_of_record
SF:lib/Domain/Models/user_model.dart
DA:6,4
LF:1
LH:1
end_of_record
SF:lib/Data/Repository/split_bill_repository.dart
DA:14,1
DA:19,1
DA:22,2
DA:23,0
DA:29,1
DA:32,1
DA:33,2
DA:39,1
DA:42,2
DA:43,0
DA:49,1
DA:52,2
DA:58,0
DA:61,0
DA:62,0
DA:68,0
DA:71,0
DA:72,0
DA:78,1
DA:81,2
DA:82,1
DA:88,1
DA:91,2
LF:23
LH:15
end_of_record
SF:lib/Core/Services/ocr_service.dart
DA:9,0
DA:11,0
DA:12,0
DA:13,0
DA:14,0
DA:15,0
DA:16,0
LF:7
LH:0
end_of_record
SF:lib/Presentation/scan_page/bloc/scan_page_state.dart
DA:6,3
DA:22,1
DA:30,1
DA:31,1
DA:32,1
DA:33,1
DA:34,1
DA:35,1
DA:36,1
DA:40,1
DA:41,1
DA:42,1
DA:43,1
DA:44,1
DA:45,1
DA:46,1
DA:47,1
LF:17
LH:17
end_of_record
SF:lib/Presentation/scan_page/bloc/scan_page_event.dart
DA:4,0
DA:5,0
DA:11,1
LF:3
LH:1
end_of_record
SF:lib/Presentation/scan_page/bloc/scan_page_bloc.dart
DA:16,1
DA:17,2
DA:18,2
DA:19,2
DA:20,2
DA:23,1
DA:27,3
DA:29,3
DA:32,1
DA:33,1
DA:34,2
DA:44,1
DA:55,1
DA:56,1
DA:57,4
DA:61,1
DA:62,2
DA:71,2
DA:74,3
DA:75,1
DA:76,2
DA:85,2
DA:86,1
DA:87,2
DA:96,1
DA:97,2
DA:106,2
DA:109,2
DA:112,2
DA:117,1
DA:118,2
DA:126,1
DA:130,2
DA:131,1
DA:132,6
DA:133,2
DA:136,5
DA:137,3
DA:138,5
DA:139,5
DA:140,1
DA:142,6
DA:143,3
DA:144,4
DA:145,7
DA:146,3
DA:147,4
DA:148,7
DA:150,3
DA:154,1
DA:160,2
DA:161,2
DA:162,1
DA:163,3
DA:164,2
DA:165,4
DA:166,3
DA:168,5
DA:169,5
DA:170,2
DA:172,4
DA:173,5
DA:174,5
DA:175,5
DA:176,5
DA:177,3
DA:178,3
DA:179,3
DA:180,1
DA:192,2
DA:194,3
DA:196,3
DA:197,1
DA:200,4
DA:202,3
DA:205,3
DA:206,1
DA:207,4
LF:78
LH:78
end_of_record
SF:lib/Presentation/split_bill/bloc/split_bill_event.dart
DA:4,0
DA:5,0
DA:10,1
DA:17,2
DA:19,0
DA:20,0
DA:26,2
DA:28,0
DA:29,0
DA:35,1
DA:37,0
DA:38,0
DA:44,2
DA:46,0
DA:47,0
DA:51,0
DA:52,0
LF:17
LH:5
end_of_record
SF:lib/Presentation/split_bill/bloc/split_bill_bloc.dart
DA:16,3
DA:17,2
DA:18,2
DA:19,2
DA:20,2
DA:21,2
DA:22,2
DA:23,2
DA:26,1
DA:31,3
DA:32,3
DA:33,1
DA:34,2
DA:37,2
DA:41,4
DA:45,1
DA:50,5
DA:51,3
DA:53,4
DA:57,1
DA:61,2
DA:63,4
DA:64,2
DA:65,1
DA:66,1
DA:67,1
DA:69,1
DA:71,3
DA:75,1
DA:79,2
DA:81,3
DA:82,3
DA:83,4
DA:86,1
DA:87,1
DA:88,1
DA:90,1
DA:92,3
DA:96,1
DA:100,2
DA:102,2
DA:103,4
DA:106,3
DA:110,1
DA:114,2
DA:115,2
DA:116,2
DA:117,3
DA:118,2
DA:120,3
DA:122,2
DA:123,2
DA:126,4
DA:128,1
DA:129,1
DA:130,1
DA:131,1
DA:134,1
DA:135,2
DA:136,1
DA:138,2
DA:139,2
DA:140,2
DA:141,2
DA:142,2
DA:143,2
DA:144,2
DA:145,2
DA:147,1
DA:148,1
DA:149,1
DA:152,3
DA:157,1
DA:162,2
DA:164,1
DA:165,2
DA:166,2
DA:167,2
DA:168,2
DA:169,2
DA:172,4
DA:173,1
DA:174,4
DA:176,2
DA:177,2
DA:178,4
DA:179,2
DA:180,3
DA:181,4
DA:186,4
DA:187,1
DA:188,2
DA:189,2
DA:190,2
DA:191,1
DA:192,1
DA:193,1
DA:194,3
DA:195,2
DA:199,4
DA:200,1
DA:201,3
DA:203,0
DA:204,0
DA:209,1
DA:210,2
DA:211,1
DA:212,2
DA:213,2
DA:216,1
DA:217,1
DA:219,2
DA:222,2
DA:223,2
DA:225,2
DA:226,5
DA:228,3
DA:230,4
LF:118
LH:116
end_of_record
SF:lib/Presentation/split_bill/bloc/split_bill_state.dart
DA:6,3
DA:20,1
DA:27,1
DA:28,1
DA:29,1
DA:30,1
DA:31,1
DA:32,1
DA:36,1
DA:37,6
LF:10
LH:10
end_of_record
SF:lib/Presentation/homepage/bloc/homepage_bloc.dart
DA:11,9
DA:12,6
DA:13,6
DA:14,6
DA:17,3
DA:22,9
DA:23,6
DA:24,3
DA:25,6
DA:28,8
DA:32,1
DA:36,3
DA:39,1
DA:44,3
DA:45,3
DA:46,2
DA:47,1
DA:48,2
DA:51,4
LF:19
LH:19
end_of_record
SF:lib/Presentation/homepage/bloc/homepage_event.dart
DA:4,4
DA:6,0
DA:7,0
DA:17,2
DA:19,1
DA:20,2
LF:6
LH:4
end_of_record
SF:lib/Presentation/homepage/bloc/homepage_state.dart
DA:6,3
DA:16,3
DA:20,3
DA:21,0
DA:22,3
DA:23,3
DA:25,3
DA:26,12
LF:8
LH:7
end_of_record
SF:lib/Presentation/homepage/view/homepage_view.dart
DA:17,2
DA:19,2
DA:21,2
DA:22,10
DA:23,2
DA:29,2
DA:31,2
DA:33,2
DA:34,2
DA:35,2
DA:36,2
DA:37,2
DA:38,2
DA:40,2
DA:42,2
DA:43,2
DA:44,2
DA:47,4
DA:50,2
DA:51,2
DA:53,2
DA:54,2
DA:57,4
DA:61,2
DA:62,2
DA:63,2
DA:64,2
DA:65,2
DA:66,4
DA:67,2
DA:68,4
DA:72,2
DA:73,4
DA:74,2
DA:75,2
DA:76,2
DA:77,2
DA:78,4
DA:79,1
DA:80,1
DA:83,1
DA:84,1
DA:87,2
DA:93,4
DA:94,1
DA:96,1
DA:99,1
DA:100,1
DA:103,2
DA:105,1
DA:106,1
DA:107,1
DA:108,1
DA:115,2
DA:116,1
DA:117,2
DA:118,1
DA:119,2
DA:121,1
DA:124,1
DA:125,1
DA:127,0
DA:128,0
DA:129,0
DA:134,1
DA:137,0
DA:138,0
DA:139,4
DA:153,1
DA:158,1
DA:159,0
DA:161,0
DA:162,0
DA:165,1
DA:166,1
DA:167,2
DA:168,1
DA:170,1
DA:171,1
DA:172,3
DA:173,1
DA:175,1
DA:176,6
DA:177,2
DA:178,1
DA:184,1
DA:185,1
DA:188,2
DA:194,2
DA:195,2
DA:196,2
DA:197,2
DA:200,4
DA:202,2
DA:203,2
DA:204,2
DA:208,2
DA:209,2
DA:211,4
DA:215,2
DA:217,4
DA:218,2
DA:230,2
DA:231,2
DA:232,2
DA:233,2
DA:236,4
DA:238,2
DA:239,2
DA:242,2
DA:243,2
DA:245,4
DA:249,2
DA:251,4
DA:252,2
DA:261,2
DA:262,2
DA:270,2
DA:271,2
DA:273,1
DA:274,1
DA:280,2
DA:283,2
DA:284,2
DA:287,4
DA:289,2
DA:290,2
DA:292,2
DA:293,2
DA:295,4
DA:299,2
DA:301,4
DA:302,2
DA:307,2
DA:308,2
DA:311,4
DA:317,1
DA:318,1
DA:320,1
DA:322,1
DA:323,1
DA:324,1
DA:325,2
DA:329,0
DA:330,0
DA:332,0
DA:333,0
DA:338,1
DA:339,1
DA:341,3
DA:343,1
DA:344,1
DA:346,1
DA:347,1
DA:349,2
DA:353,1
DA:355,2
DA:356,1
DA:361,1
DA:362,1
DA:365,2
DA:369,1
DA:370,1
DA:371,0
DA:372,0
DA:376,0
DA:377,0
DA:378,0
DA:380,0
DA:381,0
DA:386,1
DA:387,1
DA:389,3
DA:391,1
DA:392,1
DA:394,1
DA:395,1
DA:397,2
DA:401,1
DA:403,2
DA:404,1
DA:409,1
DA:410,1
DA:413,2
LF:184
LH:165
end_of_record
SF:lib/Presentation/split_bill/view/split_bill_page.dart
DA:15,0
DA:17,0
DA:19,0
DA:20,0
DA:21,0
DA:22,0
DA:28,1
DA:30,1
DA:31,1
DA:38,1
DA:40,2
DA:41,1
DA:44,1
DA:46,1
DA:48,1
DA:49,1
DA:50,1
DA:51,2
DA:52,2
DA:53,1
DA:55,3
DA:56,1
DA:59,1
DA:61,4
DA:62,1
DA:67,1
DA:68,2
DA:69,1
DA:70,1
DA:73,1
DA:74,1
DA:77,2
DA:83,2
DA:84,1
DA:86,1
DA:89,1
DA:90,1
DA:93,2
DA:95,1
DA:96,1
DA:97,1
DA:98,1
DA:105,1
DA:107,1
DA:108,1
DA:109,1
DA:110,3
DA:111,1
DA:113,1
DA:114,1
DA:116,1
DA:118,1
DA:119,3
DA:120,1
DA:121,1
DA:123,1
DA:125,1
DA:126,1
DA:127,4
DA:130,1
DA:131,1
DA:132,1
DA:133,1
DA:135,4
DA:136,1
DA:137,1
DA:140,1
DA:141,1
DA:142,1
DA:143,1
DA:145,1
DA:146,2
DA:147,1
DA:148,8
DA:149,1
DA:153,1
DA:154,1
DA:156,1
DA:157,1
DA:159,1
DA:161,1
DA:162,8
DA:163,1
DA:167,1
DA:168,1
DA:170,1
DA:171,2
DA:172,1
DA:173,8
DA:174,1
DA:178,1
DA:179,1
DA:181,1
DA:182,2
DA:183,1
DA:184,8
DA:185,1
DA:189,1
DA:190,1
DA:192,1
DA:193,2
DA:194,1
DA:195,8
DA:196,1
DA:203,2
DA:205,5
DA:208,1
DA:209,1
DA:210,1
DA:211,1
DA:212,1
DA:213,1
DA:214,2
DA:215,1
DA:221,1
DA:222,1
DA:223,1
DA:224,1
DA:225,2
DA:226,1
DA:243,1
DA:244,3
DA:245,3
DA:246,1
DA:247,0
DA:248,0
DA:250,1
DA:251,1
DA:252,1
DA:255,1
DA:258,4
DA:259,1
DA:262,1
DA:263,1
DA:266,1
DA:268,1
DA:269,1
DA:270,1
DA:276,1
DA:279,1
DA:280,3
DA:281,1
DA:282,1
DA:283,2
DA:286,2
DA:287,1
DA:290,1
DA:294,1
DA:295,1
DA:296,2
DA:297,2
DA:298,3
DA:301,3
DA:308,1
DA:309,1
DA:310,1
DA:311,1
DA:312,1
DA:313,2
DA:315,1
DA:316,0
DA:317,0
DA:319,0
DA:320,0
DA:323,0
DA:324,0
DA:325,0
DA:326,0
DA:331,0
DA:333,2
DA:335,3
DA:336,1
DA:337,2
DA:338,1
DA:339,2
DA:340,3
DA:341,2
DA:346,1
DA:349,1
DA:353,1
DA:354,1
DA:362,1
DA:363,1
DA:364,1
DA:365,1
DA:367,3
DA:368,2
DA:372,1
DA:374,1
DA:375,1
DA:377,1
DA:378,1
DA:379,5
DA:380,1
DA:382,1
DA:383,10
DA:384,1
DA:388,1
DA:389,1
DA:390,6
DA:391,1
DA:393,1
DA:394,1
DA:396,7
DA:397,1
DA:399,1
DA:401,2
DA:403,6
DA:405,0
DA:407,6
DA:416,1
DA:417,6
DA:418,1
DA:420,1
DA:421,1
DA:424,1
DA:428,1
DA:429,1
DA:432,1
DA:433,3
LF:220
LH:202
end_of_record
SF:lib/Presentation/summary_page/bloc/summary_page_event.dart
DA:4,1
DA:6,0
DA:7,0
DA:12,1
DA:14,0
DA:15,0
LF:6
LH:2
end_of_record
SF:lib/Presentation/summary_page/bloc/summary_page_bloc.dart
DA:11,3
DA:12,2
DA:13,2
DA:16,1
DA:21,3
DA:22,3
DA:23,3
DA:25,0
DA:26,0
DA:31,0
DA:35,0
LF:11
LH:7
end_of_record
SF:lib/Presentation/summary_page/bloc/summary_page_state.dart
DA:6,1
DA:16,1
DA:20,1
DA:21,0
DA:22,1
DA:23,1
DA:26,1
DA:27,4
LF:8
LH:7
end_of_record
SF:lib/Presentation/summary_page/view/summary_page_view.dart
DA:13,1
DA:15,1
DA:17,1
DA:18,1
DA:19,5
DA:20,1
DA:26,1
DA:28,1
DA:30,1
DA:32,1
DA:33,1
DA:34,1
DA:35,2
DA:36,0
DA:38,0
DA:39,0
DA:43,1
DA:44,2
DA:45,0
DA:46,0
DA:49,0
DA:50,0
DA:53,0
DA:59,2
DA:60,0
DA:61,0
DA:64,0
DA:65,0
DA:68,0
DA:70,0
DA:71,0
DA:72,0
DA:73,0
DA:80,1
DA:82,1
DA:83,1
DA:84,1
DA:85,1
DA:86,1
DA:87,0
DA:88,0
DA:90,1
DA:95,1
DA:96,2
DA:97,1
DA:100,1
DA:101,4
DA:102,1
DA:103,1
DA:105,1
DA:107,0
DA:108,0
DA:110,0
DA:111,0
DA:112,3
DA:115,1
DA:116,1
DA:117,1
DA:118,0
DA:119,0
DA:122,0
DA:125,0
DA:126,3
DA:138,0
DA:139,0
DA:140,0
DA:141,0
DA:144,0
DA:148,0
DA:149,0
DA:152,0
DA:153,0
DA:154,0
DA:155,0
DA:161,0
DA:166,0
DA:167,0
DA:168,0
DA:170,0
DA:172,0
DA:173,0
DA:176,0
DA:180,0
DA:181,0
DA:184,0
DA:185,0
DA:187,0
DA:188,0
DA:190,0
DA:191,0
DA:192,0
DA:195,0
DA:196,0
DA:197,0
DA:198,0
DA:199,0
DA:200,0
DA:204,0
DA:209,0
DA:210,0
DA:211,0
DA:212,0
LF:102
LH:36
end_of_record
SF:lib/Presentation/scan_page/view/scan_page_view.dart
DA:18,0
DA:20,0
DA:22,0
DA:23,0
DA:24,0
DA:25,0
DA:31,1
DA:33,1
DA:35,1
DA:37,1
DA:38,1
DA:39,1
DA:40,2
DA:41,0
DA:42,0
DA:44,0
DA:48,1
DA:49,2
DA:50,1
DA:51,1
DA:54,1
DA:55,1
DA:58,2
DA:60,1
DA:66,2
DA:67,1
DA:69,1
DA:72,1
DA:73,1
DA:76,2
DA:78,1
DA:79,1
DA:80,1
DA:81,1
DA:84,1
DA:85,2
DA:86,1
DA:87,0
DA:95,1
DA:97,1
DA:98,1
DA:99,4
DA:100,1
DA:101,1
DA:102,1
DA:103,1
DA:104,3
DA:105,1
DA:106,1
DA:108,1
DA:109,1
DA:112,1
DA:113,1
DA:114,1
DA:116,2
DA:119,3
DA:122,1
DA:123,4
DA:125,1
DA:127,1
DA:128,1
DA:130,2
DA:133,4
DA:136,1
DA:137,8
DA:138,1
DA:142,1
DA:143,1
DA:144,1
DA:146,2
DA:148,4
DA:151,1
DA:152,5
DA:153,1
DA:158,1
DA:159,1
DA:160,1
DA:161,1
DA:163,1
DA:164,2
DA:165,1
DA:166,1
DA:168,2
DA:170,2
DA:171,1
DA:172,1
DA:173,1
DA:174,1
DA:178,1
DA:179,6
DA:180,1
DA:184,1
DA:185,1
DA:187,1
DA:188,1
DA:190,1
DA:192,1
DA:193,1
DA:195,2
DA:197,2
DA:198,1
DA:199,1
DA:200,1
DA:201,1
DA:202,1
DA:206,1
DA:207,6
DA:208,1
DA:212,1
DA:213,1
DA:215,1
DA:216,2
DA:217,1
DA:218,1
DA:220,2
DA:222,2
DA:223,1
DA:224,1
DA:225,1
DA:226,1
DA:227,1
DA:231,1
DA:232,6
DA:233,1
DA:237,1
DA:238,1
DA:240,1
DA:241,2
DA:242,1
DA:243,1
DA:245,2
DA:247,2
DA:248,1
DA:249,1
DA:250,1
DA:251,1
DA:252,1
DA:256,1
DA:257,6
DA:258,1
DA:262,1
DA:263,1
DA:265,1
DA:266,2
DA:267,1
DA:268,1
DA:270,2
DA:272,2
DA:273,1
DA:274,1
DA:275,1
DA:276,1
DA:277,1
DA:281,1
DA:282,6
DA:283,1
DA:290,2
DA:291,4
DA:295,1
DA:296,1
DA:297,1
DA:298,1
DA:299,1
DA:300,1
DA:301,3
DA:306,1
DA:307,1
DA:308,1
DA:309,1
DA:310,2
DA:311,1
DA:330,4
DA:332,1
DA:334,1
DA:341,1
DA:343,1
DA:344,2
DA:345,0
DA:346,0
DA:351,1
DA:353,2
DA:354,1
DA:357,1
DA:359,2
DA:360,1
DA:361,1
DA:362,1
LF:187
LH:175
end_of_record
SF:lib/Resources/Theme/theme.dart
DA:10,0
DA:16,0
DA:22,6
DA:28,0
DA:33,9
DA:39,9
DA:45,6
DA:51,0
DA:57,0
LF:9
LH:4
end_of_record
SF:lib/Resources/Widgets/card.dart
DA:8,2
DA:15,2
DA:17,2
DA:18,2
DA:19,2
DA:22,2
DA:23,2
DA:24,2
DA:25,2
DA:26,2
DA:27,2
DA:32,2
DA:35,2
LF:13
LH:13
end_of_record
SF:lib/Resources/Widgets/separator.dart
DA:6,3
DA:8,3
DA:10,12
DA:16,3
DA:18,3
DA:20,12
LF:6
LH:6
end_of_record
SF:lib/Resources/utils/size_config.dart
DA:7,0
DA:8,0
DA:9,0
DA:12,9
DA:13,9
LF:5
LH:2
end_of_record
SF:lib/Resources/Widgets/button.dart
DA:7,2
DA:13,2
DA:15,2
DA:17,2
DA:18,2
DA:21,2
DA:22,6
LF:7
LH:7
end_of_record
SF:lib/Resources/Widgets/textfield.dart
DA:8,1
DA:15,1
DA:17,1
DA:18,1
DA:19,1
DA:20,1
DA:21,1
DA:22,1
DA:23,2
DA:26,1
DA:27,1
LF:11
LH:11
end_of_record
